[I 240213 21:16:21 main:34] Folder check is complete
[I 240213 21:16:21 main:46] File check is complete
[I 240213 21:16:21 main:56] Map file check is complete
[I 240213 21:16:40 main:229] Taking the picture 001
[I 240213 21:16:56 main:229] Taking the picture 002
[I 240213 21:16:56 main:128] The calculation with the images has finished, speed: 11.5177
[I 240213 21:16:56 main:176] The calculation with the coordinated values has finished, speed: 6.7067
[I 240213 21:16:56 main:249] Data saved in the file
[I 240213 21:16:56 main:272] Speed data saved in the csv
[I 240213 21:17:13 main:229] Taking the picture 003
[I 240213 21:17:29 main:229] Taking the picture 004
[I 240213 21:17:29 main:128] The calculation with the images has finished, speed: 7.0013
[I 240213 21:17:29 main:176] The calculation with the coordinated values has finished, speed: 6.6931
[I 240213 21:17:29 main:249] Data saved in the file
[I 240213 21:17:29 main:272] Speed data saved in the csv
[I 240213 21:17:46 main:229] Taking the picture 005
[I 240213 21:18:02 main:229] Taking the picture 006
[I 240213 21:18:02 main:128] The calculation with the images has finished, speed: 7.0256
[I 240213 21:18:02 main:176] The calculation with the coordinated values has finished, speed: 6.6788
[I 240213 21:18:02 main:249] Data saved in the file
[I 240213 21:18:02 main:272] Speed data saved in the csv
[I 240213 21:18:17 main:229] Taking the picture 007
[I 240213 21:18:35 main:229] Taking the picture 008
[I 240213 21:18:35 main:128] The calculation with the images has finished, speed: 7.0244
[I 240213 21:18:35 main:176] The calculation with the coordinated values has finished, speed: 6.6538
[I 240213 21:18:35 main:249] Data saved in the file
[I 240213 21:18:35 main:272] Speed data saved in the csv
[I 240213 21:18:51 main:229] Taking the picture 009
[I 240213 21:19:07 main:229] Taking the picture 010
[I 240213 21:19:07 main:128] The calculation with the images has finished, speed: 10.2975
[I 240213 21:19:07 main:176] The calculation with the coordinated values has finished, speed: 6.9322
[I 240213 21:19:07 main:249] Data saved in the file
[I 240213 21:19:07 main:272] Speed data saved in the csv
[I 240213 21:19:24 main:229] Taking the picture 011
[I 240213 21:19:40 main:229] Taking the picture 012
[I 240213 21:19:40 main:128] The calculation with the images has finished, speed: 9.0660
[I 240213 21:19:40 main:176] The calculation with the coordinated values has finished, speed: 6.8829
[I 240213 21:19:40 main:249] Data saved in the file
[I 240213 21:19:40 main:272] Speed data saved in the csv
[I 240213 21:19:56 main:229] Taking the picture 013
[I 240213 21:20:12 main:229] Taking the picture 014
[I 240213 21:20:12 main:128] The calculation with the images has finished, speed: 7.4851
[I 240213 21:20:12 main:176] The calculation with the coordinated values has finished, speed: 6.6914
[I 240213 21:20:12 main:249] Data saved in the file
[I 240213 21:20:12 main:272] Speed data saved in the csv
[I 240213 21:20:26 main:229] Taking the picture 015
[I 240213 21:20:41 main:229] Taking the picture 016
[I 240213 21:20:41 main:128] The calculation with the images has finished, speed: 8.7972
[I 240213 21:20:41 main:176] The calculation with the coordinated values has finished, speed: 7.1860
[I 240213 21:20:41 main:249] Data saved in the file
[I 240213 21:20:41 main:272] Speed data saved in the csv
[I 240213 21:20:57 main:229] Taking the picture 017
[I 240213 21:21:14 main:229] Taking the picture 018
[I 240213 21:21:14 main:128] The calculation with the images has finished, speed: 9.9373
[I 240213 21:21:14 main:176] The calculation with the coordinated values has finished, speed: 7.0047
[I 240213 21:21:14 main:249] Data saved in the file
[I 240213 21:21:14 main:272] Speed data saved in the csv
[I 240213 21:21:30 main:229] Taking the picture 019
[I 240213 21:21:45 main:229] Taking the picture 020
[I 240213 21:21:45 main:128] The calculation with the images has finished, speed: 5.7139
[I 240213 21:21:45 main:176] The calculation with the coordinated values has finished, speed: 7.1552
[I 240213 21:21:45 main:249] Data saved in the file
[I 240213 21:21:45 main:272] Speed data saved in the csv
[I 240213 21:22:02 main:229] Taking the picture 021
[I 240213 21:22:18 main:229] Taking the picture 022
[I 240213 21:22:18 main:128] The calculation with the images has finished, speed: 6.6369
[I 240213 21:22:18 main:176] The calculation with the coordinated values has finished, speed: 6.7623
[I 240213 21:22:18 main:249] Data saved in the file
[I 240213 21:22:18 main:272] Speed data saved in the csv
[I 240213 21:22:36 main:229] Taking the picture 023
[I 240213 21:22:53 main:229] Taking the picture 024
[I 240213 21:22:53 main:128] The calculation with the images has finished, speed: 6.7368
[I 240213 21:22:53 main:176] The calculation with the coordinated values has finished, speed: 7.1304
[I 240213 21:22:53 main:249] Data saved in the file
[I 240213 21:22:53 main:272] Speed data saved in the csv
[I 240213 21:23:08 main:229] Taking the picture 025
[I 240213 21:23:25 main:229] Taking the picture 026
[I 240213 21:23:25 main:128] The calculation with the images has finished, speed: 7.6794
[I 240213 21:23:25 main:176] The calculation with the coordinated values has finished, speed: 7.1848
[I 240213 21:23:25 main:249] Data saved in the file
[I 240213 21:23:25 main:272] Speed data saved in the csv
[I 240213 21:23:42 main:229] Taking the picture 027
[I 240213 21:23:58 main:229] Taking the picture 028
[I 240213 21:23:58 main:128] The calculation with the images has finished, speed: 8.4457
[I 240213 21:23:58 main:176] The calculation with the coordinated values has finished, speed: 6.5778
[I 240213 21:23:58 main:249] Data saved in the file
[I 240213 21:23:58 main:272] Speed data saved in the csv
[I 240213 21:24:12 main:229] Taking the picture 029
[I 240213 21:24:27 main:229] Taking the picture 030
[I 240213 21:24:27 main:128] The calculation with the images has finished, speed: 7.5739
[I 240213 21:24:27 main:176] The calculation with the coordinated values has finished, speed: 7.1420
[I 240213 21:24:27 main:249] Data saved in the file
[I 240213 21:24:27 main:272] Speed data saved in the csv
[I 240213 21:24:44 main:229] Taking the picture 031
[I 240213 21:25:00 main:229] Taking the picture 032
[I 240213 21:25:00 main:128] The calculation with the images has finished, speed: 6.7961
[I 240213 21:25:00 main:176] The calculation with the coordinated values has finished, speed: 6.7555
[I 240213 21:25:00 main:249] Data saved in the file
[I 240213 21:25:00 main:272] Speed data saved in the csv
[I 240213 21:25:14 main:229] Taking the picture 033
[I 240213 21:25:32 main:229] Taking the picture 034
[I 240213 21:25:32 main:128] The calculation with the images has finished, speed: 6.9381
[I 240213 21:25:32 main:176] The calculation with the coordinated values has finished, speed: 6.8184
[I 240213 21:25:32 main:249] Data saved in the file
[I 240213 21:25:32 main:272] Speed data saved in the csv
[I 240213 21:25:32 main:249] Data saved in the file
[I 240213 21:25:32 main:327] The speed graph is complete
[I 240213 21:25:33 main:342] The time graph is complete
[I 240213 21:25:33 main:308] Map tracking is complete
[I 240213 21:25:33 main:441] Running time 0:09:11.720756
